<?xml version="1.0" encoding="UTF-8"?>
<testng-results ignored="0" total="2" passed="2" failed="0" skipped="0">
  <reporter-output>
  </reporter-output>
  <suite started-at="2024-05-30T10:55:49 IST" name="Default suite" finished-at="2024-05-30T10:56:10 IST" duration-ms="20417">
    <groups>
    </groups>
    <test started-at="2024-05-30T10:55:49 IST" name="Default test" finished-at="2024-05-30T10:56:10 IST" duration-ms="20417">
      <class name="com.Utils.ExtentReport">
        <test-method is-config="true" signature="setUp()[pri:0, instance:com.Utils.ExtentReport@1a482e36]" started-at="2024-05-30T10:55:49 IST" name="setUp" finished-at="2024-05-30T10:55:54 IST" duration-ms="4769" status="PASS">
          <reporter-output>
          </reporter-output>
        </test-method> <!-- setUp -->
        <test-method signature="facebookLoginTest(java.lang.String,java.lang.String)[pri:0, instance:com.Utils.ExtentReport@1a482e36]" started-at="2024-05-30T10:55:54 IST" name="facebookLoginTest" data-provider="loginData" finished-at="2024-05-30T10:55:59 IST" duration-ms="5164" status="PASS">
          <params>
            <param index="0">
              <value>
                <![CDATA[shwetal@gmailcom]]>
              </value>
            </param>
            <param index="1">
              <value>
                <![CDATA[shwetal]]>
              </value>
            </param>
          </params>
          <reporter-output>
          </reporter-output>
        </test-method> <!-- facebookLoginTest -->
        <test-method is-config="true" signature="tearDown()[pri:0, instance:com.Utils.ExtentReport@1a482e36]" started-at="2024-05-30T10:55:59 IST" name="tearDown" finished-at="2024-05-30T10:56:00 IST" duration-ms="1152" status="PASS">
          <reporter-output>
          </reporter-output>
        </test-method> <!-- tearDown -->
        <test-method is-config="true" signature="setUp()[pri:0, instance:com.Utils.ExtentReport@1a482e36]" started-at="2024-05-30T10:56:00 IST" name="setUp" finished-at="2024-05-30T10:56:01 IST" duration-ms="1141" status="PASS">
          <reporter-output>
          </reporter-output>
        </test-method> <!-- setUp -->
        <test-method signature="facebookLoginTest(java.lang.String,java.lang.String)[pri:0, instance:com.Utils.ExtentReport@1a482e36]" started-at="2024-05-30T10:56:01 IST" name="facebookLoginTest" data-provider="loginData" finished-at="2024-05-30T10:56:09 IST" duration-ms="7583" status="PASS">
          <params>
            <param index="0">
              <value>
                <![CDATA[user2@example.com]]>
              </value>
            </param>
            <param index="1">
              <value>
                <![CDATA[password2]]>
              </value>
            </param>
          </params>
          <reporter-output>
          </reporter-output>
        </test-method> <!-- facebookLoginTest -->
        <test-method is-config="true" signature="tearDown()[pri:0, instance:com.Utils.ExtentReport@1a482e36]" started-at="2024-05-30T10:56:09 IST" name="tearDown" finished-at="2024-05-30T10:56:10 IST" duration-ms="535" status="PASS">
          <reporter-output>
          </reporter-output>
        </test-method> <!-- tearDown -->
      </class> <!-- com.Utils.ExtentReport -->
    </test> <!-- Default test -->
  </suite> <!-- Default suite -->
</testng-results>
